{
  "seleniumLog": [
    {
      "commandName": "switchtoflight",
      "args": [
        "[]"
      ],
      "result": "success",
      "subLogs": [
        {
          "commandName": "findElements",
          "args": [
            "{value=com.cleartrip.android:id/switcher_image, using=id}"
          ],
          "result": "[id: 1]",
          "subLogs": [],
          "duration": 1251
        },
        {
          "commandName": "findElement",
          "args": [
            "{value=com.cleartrip.android:id/switcher_image, using=id}"
          ],
          "result": "id: 2",
          "subLogs": [],
          "duration": 1499
        },
        {
          "commandName": "isElementDisplayed",
          "args": [
            "By.id: com.cleartrip.android:id/switcher_image",
            "{\"id\":\"2\"}"
          ],
          "result": "isElementDisplayed:true",
          "subLogs": [],
          "duration": 2950
        },
        {
          "commandName": "findElement",
          "args": [
            "{value=com.cleartrip.android:id/switcher_image, using=id}"
          ],
          "result": "id: 3",
          "subLogs": [],
          "duration": 1372
        },
        {
          "commandName": "clickElement",
          "args": [
            "By.id: com.cleartrip.android:id/switcher_image",
            "{\"id\":\"3\"}"
          ],
          "result": "clickElement:true",
          "subLogs": [],
          "duration": 1597
        }
      ],
      "duration": -1
    },
    {
      "commandName": "fromflight",
      "args": [
        "[]"
      ],
      "result": "fail",
      "subLogs": [
        {
          "commandName": "findElement",
          "args": [
            "{value=com.cleartrip.android:id/txt_from_city, using=id}"
          ],
          "result": "An element could not be located on the page using the given search parameters. (WARNING: The server did not provide any stacktrace information)\nCommand duration or timeout: 2.70 seconds\nFor documentation on this error, please visit: http://seleniumhq.org/exceptions/no_such_element.html\nBuild info: version: '2.53.0', revision: '35ae25b1534ae328c771e0856c93e187490ca824', time: '2016-03-15 10:43:46'\nSystem info: host: 'ICPL12782', ip: '192.168.81.2', os.name: 'Windows 10', os.arch: 'amd64', os.version: '10.0', java.version: '1.8.0_161'\nDriver info: com.qmetry.qaf.automation.ui.webdriver.QAFExtendedWebDriver\nCapabilities [{appPackage=com.cleartrip.android, deviceScreenSize=720x1280, networkConnectionEnabled=true, warnings={}, databaseEnabled=false, deviceName=9cb99039, platform=LINUX, deviceUDID=9cb99039, appActivity=com.cleartrip.android.common.activities.CleartripHomeActivity, browser_name=, desired={appPackage=com.cleartrip.android, appActivity=com.cleartrip.android.common.activities.CleartripHomeActivity, browser_name=, driverClass=io.appium.java_client.android.AndroidDriver, automationName=Appium, takesScreenshot=true, javascriptEnabled=true, platformName=Android, deviceName=9cb99039, cssSelectorsEnabled=true}, driverClass=io.appium.java_client.android.AndroidDriver, platformVersion=5.1.1, webStorageEnabled=false, locationContextEnabled=false, automationName=Appium, takesScreenshot=true, javascriptEnabled=true, deviceModel=A37f, platformName=Android, deviceManufacturer=OPPO, cssSelectorsEnabled=true}]\nSession ID: 73a35779-3202-4081-87e0-4a3620fcb861\n*** Element info: {Using=id, value=com.cleartrip.android:id/txt_from_city}",
          "subLogs": [],
          "duration": 2699
        },
        {
          "commandName": "findElement",
          "args": [
            "{value=com.cleartrip.android:id/txt_from_city, using=id}"
          ],
          "result": "An element could not be located on the page using the given search parameters. (WARNING: The server did not provide any stacktrace information)\nCommand duration or timeout: 2.46 seconds\nFor documentation on this error, please visit: http://seleniumhq.org/exceptions/no_such_element.html\nBuild info: version: '2.53.0', revision: '35ae25b1534ae328c771e0856c93e187490ca824', time: '2016-03-15 10:43:46'\nSystem info: host: 'ICPL12782', ip: '192.168.81.2', os.name: 'Windows 10', os.arch: 'amd64', os.version: '10.0', java.version: '1.8.0_161'\nDriver info: com.qmetry.qaf.automation.ui.webdriver.QAFExtendedWebDriver\nCapabilities [{appPackage=com.cleartrip.android, deviceScreenSize=720x1280, networkConnectionEnabled=true, warnings={}, databaseEnabled=false, deviceName=9cb99039, platform=LINUX, deviceUDID=9cb99039, appActivity=com.cleartrip.android.common.activities.CleartripHomeActivity, browser_name=, desired={appPackage=com.cleartrip.android, appActivity=com.cleartrip.android.common.activities.CleartripHomeActivity, browser_name=, driverClass=io.appium.java_client.android.AndroidDriver, automationName=Appium, takesScreenshot=true, javascriptEnabled=true, platformName=Android, deviceName=9cb99039, cssSelectorsEnabled=true}, driverClass=io.appium.java_client.android.AndroidDriver, platformVersion=5.1.1, webStorageEnabled=false, locationContextEnabled=false, automationName=Appium, takesScreenshot=true, javascriptEnabled=true, deviceModel=A37f, platformName=Android, deviceManufacturer=OPPO, cssSelectorsEnabled=true}]\nSession ID: 73a35779-3202-4081-87e0-4a3620fcb861\n*** Element info: {Using=id, value=com.cleartrip.android:id/txt_from_city}",
          "subLogs": [],
          "duration": 2459
        },
        {
          "commandName": "findElement",
          "args": [
            "{value=com.cleartrip.android:id/txt_from_city, using=id}"
          ],
          "result": "An element could not be located on the page using the given search parameters. (WARNING: The server did not provide any stacktrace information)\nCommand duration or timeout: 722 milliseconds\nFor documentation on this error, please visit: http://seleniumhq.org/exceptions/no_such_element.html\nBuild info: version: '2.53.0', revision: '35ae25b1534ae328c771e0856c93e187490ca824', time: '2016-03-15 10:43:46'\nSystem info: host: 'ICPL12782', ip: '192.168.81.2', os.name: 'Windows 10', os.arch: 'amd64', os.version: '10.0', java.version: '1.8.0_161'\nDriver info: com.qmetry.qaf.automation.ui.webdriver.QAFExtendedWebDriver\nCapabilities [{appPackage=com.cleartrip.android, deviceScreenSize=720x1280, networkConnectionEnabled=true, warnings={}, databaseEnabled=false, deviceName=9cb99039, platform=LINUX, deviceUDID=9cb99039, appActivity=com.cleartrip.android.common.activities.CleartripHomeActivity, browser_name=, desired={appPackage=com.cleartrip.android, appActivity=com.cleartrip.android.common.activities.CleartripHomeActivity, browser_name=, driverClass=io.appium.java_client.android.AndroidDriver, automationName=Appium, takesScreenshot=true, javascriptEnabled=true, platformName=Android, deviceName=9cb99039, cssSelectorsEnabled=true}, driverClass=io.appium.java_client.android.AndroidDriver, platformVersion=5.1.1, webStorageEnabled=false, locationContextEnabled=false, automationName=Appium, takesScreenshot=true, javascriptEnabled=true, deviceModel=A37f, platformName=Android, deviceManufacturer=OPPO, cssSelectorsEnabled=true}]\nSession ID: 73a35779-3202-4081-87e0-4a3620fcb861\n*** Element info: {Using=id, value=com.cleartrip.android:id/txt_from_city}",
          "subLogs": [],
          "duration": 722
        },
        {
          "commandName": "findElement",
          "args": [
            "{value=com.cleartrip.android:id/txt_from_city, using=id}"
          ],
          "result": "An element could not be located on the page using the given search parameters. (WARNING: The server did not provide any stacktrace information)\nCommand duration or timeout: 5.30 seconds\nFor documentation on this error, please visit: http://seleniumhq.org/exceptions/no_such_element.html\nBuild info: version: '2.53.0', revision: '35ae25b1534ae328c771e0856c93e187490ca824', time: '2016-03-15 10:43:46'\nSystem info: host: 'ICPL12782', ip: '192.168.81.2', os.name: 'Windows 10', os.arch: 'amd64', os.version: '10.0', java.version: '1.8.0_161'\nDriver info: com.qmetry.qaf.automation.ui.webdriver.QAFExtendedWebDriver\nCapabilities [{appPackage=com.cleartrip.android, deviceScreenSize=720x1280, networkConnectionEnabled=true, warnings={}, databaseEnabled=false, deviceName=9cb99039, platform=LINUX, deviceUDID=9cb99039, appActivity=com.cleartrip.android.common.activities.CleartripHomeActivity, browser_name=, desired={appPackage=com.cleartrip.android, appActivity=com.cleartrip.android.common.activities.CleartripHomeActivity, browser_name=, driverClass=io.appium.java_client.android.AndroidDriver, automationName=Appium, takesScreenshot=true, javascriptEnabled=true, platformName=Android, deviceName=9cb99039, cssSelectorsEnabled=true}, driverClass=io.appium.java_client.android.AndroidDriver, platformVersion=5.1.1, webStorageEnabled=false, locationContextEnabled=false, automationName=Appium, takesScreenshot=true, javascriptEnabled=true, deviceModel=A37f, platformName=Android, deviceManufacturer=OPPO, cssSelectorsEnabled=true}]\nSession ID: 73a35779-3202-4081-87e0-4a3620fcb861\n*** Element info: {Using=id, value=com.cleartrip.android:id/txt_from_city}",
          "subLogs": [],
          "duration": 5299
        },
        {
          "commandName": "findElement",
          "args": [
            "{value=com.cleartrip.android:id/txt_from_city, using=id}"
          ],
          "result": "An element could not be located on the page using the given search parameters. (WARNING: The server did not provide any stacktrace information)\nCommand duration or timeout: 3.00 seconds\nFor documentation on this error, please visit: http://seleniumhq.org/exceptions/no_such_element.html\nBuild info: version: '2.53.0', revision: '35ae25b1534ae328c771e0856c93e187490ca824', time: '2016-03-15 10:43:46'\nSystem info: host: 'ICPL12782', ip: '192.168.81.2', os.name: 'Windows 10', os.arch: 'amd64', os.version: '10.0', java.version: '1.8.0_161'\nDriver info: com.qmetry.qaf.automation.ui.webdriver.QAFExtendedWebDriver\nCapabilities [{appPackage=com.cleartrip.android, deviceScreenSize=720x1280, networkConnectionEnabled=true, warnings={}, databaseEnabled=false, deviceName=9cb99039, platform=LINUX, deviceUDID=9cb99039, appActivity=com.cleartrip.android.common.activities.CleartripHomeActivity, browser_name=, desired={appPackage=com.cleartrip.android, appActivity=com.cleartrip.android.common.activities.CleartripHomeActivity, browser_name=, driverClass=io.appium.java_client.android.AndroidDriver, automationName=Appium, takesScreenshot=true, javascriptEnabled=true, platformName=Android, deviceName=9cb99039, cssSelectorsEnabled=true}, driverClass=io.appium.java_client.android.AndroidDriver, platformVersion=5.1.1, webStorageEnabled=false, locationContextEnabled=false, automationName=Appium, takesScreenshot=true, javascriptEnabled=true, deviceModel=A37f, platformName=Android, deviceManufacturer=OPPO, cssSelectorsEnabled=true}]\nSession ID: 73a35779-3202-4081-87e0-4a3620fcb861\n*** Element info: {Using=id, value=com.cleartrip.android:id/txt_from_city}",
          "subLogs": [],
          "duration": 2997
        },
        {
          "commandName": "findElement",
          "args": [
            "{value=com.cleartrip.android:id/txt_from_city, using=id}"
          ],
          "result": "An element could not be located on the page using the given search parameters. (WARNING: The server did not provide any stacktrace information)\nCommand duration or timeout: 4.22 seconds\nFor documentation on this error, please visit: http://seleniumhq.org/exceptions/no_such_element.html\nBuild info: version: '2.53.0', revision: '35ae25b1534ae328c771e0856c93e187490ca824', time: '2016-03-15 10:43:46'\nSystem info: host: 'ICPL12782', ip: '192.168.81.2', os.name: 'Windows 10', os.arch: 'amd64', os.version: '10.0', java.version: '1.8.0_161'\nDriver info: com.qmetry.qaf.automation.ui.webdriver.QAFExtendedWebDriver\nCapabilities [{appPackage=com.cleartrip.android, deviceScreenSize=720x1280, networkConnectionEnabled=true, warnings={}, databaseEnabled=false, deviceName=9cb99039, platform=LINUX, deviceUDID=9cb99039, appActivity=com.cleartrip.android.common.activities.CleartripHomeActivity, browser_name=, desired={appPackage=com.cleartrip.android, appActivity=com.cleartrip.android.common.activities.CleartripHomeActivity, browser_name=, driverClass=io.appium.java_client.android.AndroidDriver, automationName=Appium, takesScreenshot=true, javascriptEnabled=true, platformName=Android, deviceName=9cb99039, cssSelectorsEnabled=true}, driverClass=io.appium.java_client.android.AndroidDriver, platformVersion=5.1.1, webStorageEnabled=false, locationContextEnabled=false, automationName=Appium, takesScreenshot=true, javascriptEnabled=true, deviceModel=A37f, platformName=Android, deviceManufacturer=OPPO, cssSelectorsEnabled=true}]\nSession ID: 73a35779-3202-4081-87e0-4a3620fcb861\n*** Element info: {Using=id, value=com.cleartrip.android:id/txt_from_city}",
          "subLogs": [],
          "duration": 4216
        },
        {
          "commandName": "findElement",
          "args": [
            "{value=com.cleartrip.android:id/txt_from_city, using=id}"
          ],
          "result": "An element could not be located on the page using the given search parameters. (WARNING: The server did not provide any stacktrace information)\nCommand duration or timeout: 1.80 seconds\nFor documentation on this error, please visit: http://seleniumhq.org/exceptions/no_such_element.html\nBuild info: version: '2.53.0', revision: '35ae25b1534ae328c771e0856c93e187490ca824', time: '2016-03-15 10:43:46'\nSystem info: host: 'ICPL12782', ip: '192.168.81.2', os.name: 'Windows 10', os.arch: 'amd64', os.version: '10.0', java.version: '1.8.0_161'\nDriver info: com.qmetry.qaf.automation.ui.webdriver.QAFExtendedWebDriver\nCapabilities [{appPackage=com.cleartrip.android, deviceScreenSize=720x1280, networkConnectionEnabled=true, warnings={}, databaseEnabled=false, deviceName=9cb99039, platform=LINUX, deviceUDID=9cb99039, appActivity=com.cleartrip.android.common.activities.CleartripHomeActivity, browser_name=, desired={appPackage=com.cleartrip.android, appActivity=com.cleartrip.android.common.activities.CleartripHomeActivity, browser_name=, driverClass=io.appium.java_client.android.AndroidDriver, automationName=Appium, takesScreenshot=true, javascriptEnabled=true, platformName=Android, deviceName=9cb99039, cssSelectorsEnabled=true}, driverClass=io.appium.java_client.android.AndroidDriver, platformVersion=5.1.1, webStorageEnabled=false, locationContextEnabled=false, automationName=Appium, takesScreenshot=true, javascriptEnabled=true, deviceModel=A37f, platformName=Android, deviceManufacturer=OPPO, cssSelectorsEnabled=true}]\nSession ID: 73a35779-3202-4081-87e0-4a3620fcb861\n*** Element info: {Using=id, value=com.cleartrip.android:id/txt_from_city}",
          "subLogs": [],
          "duration": 1801
        },
        {
          "commandName": "findElement",
          "args": [
            "{value=com.cleartrip.android:id/txt_from_city, using=id}"
          ],
          "result": "An element could not be located on the page using the given search parameters. (WARNING: The server did not provide any stacktrace information)\nCommand duration or timeout: 11.20 seconds\nFor documentation on this error, please visit: http://seleniumhq.org/exceptions/no_such_element.html\nBuild info: version: '2.53.0', revision: '35ae25b1534ae328c771e0856c93e187490ca824', time: '2016-03-15 10:43:46'\nSystem info: host: 'ICPL12782', ip: '192.168.81.2', os.name: 'Windows 10', os.arch: 'amd64', os.version: '10.0', java.version: '1.8.0_161'\nDriver info: com.qmetry.qaf.automation.ui.webdriver.QAFExtendedWebDriver\nCapabilities [{appPackage=com.cleartrip.android, deviceScreenSize=720x1280, networkConnectionEnabled=true, warnings={}, databaseEnabled=false, deviceName=9cb99039, platform=LINUX, deviceUDID=9cb99039, appActivity=com.cleartrip.android.common.activities.CleartripHomeActivity, browser_name=, desired={appPackage=com.cleartrip.android, appActivity=com.cleartrip.android.common.activities.CleartripHomeActivity, browser_name=, driverClass=io.appium.java_client.android.AndroidDriver, automationName=Appium, takesScreenshot=true, javascriptEnabled=true, platformName=Android, deviceName=9cb99039, cssSelectorsEnabled=true}, driverClass=io.appium.java_client.android.AndroidDriver, platformVersion=5.1.1, webStorageEnabled=false, locationContextEnabled=false, automationName=Appium, takesScreenshot=true, javascriptEnabled=true, deviceModel=A37f, platformName=Android, deviceManufacturer=OPPO, cssSelectorsEnabled=true}]\nSession ID: 73a35779-3202-4081-87e0-4a3620fcb861\n*** Element info: {Using=id, value=com.cleartrip.android:id/txt_from_city}",
          "subLogs": [],
          "duration": 11197
        },
        {
          "commandName": "clickElement",
          "args": [
            "By.id: com.cleartrip.android:id/txt_from_city",
            "{\"id\":\"-1\"}"
          ],
          "result": "Timed out after 30 seconds waiting for presence of element located by: By.id: com.cleartrip.android:id/txt_from_city\nBuild info: version: '2.53.0', revision: '35ae25b1534ae328c771e0856c93e187490ca824', time: '2016-03-15 10:43:46'\nSystem info: host: 'ICPL12782', ip: '192.168.81.2', os.name: 'Windows 10', os.arch: 'amd64', os.version: '10.0', java.version: '1.8.0_161'\nDriver info: driver.version: QAFExtendedWebDriver",
          "subLogs": [],
          "duration": -68871216
        }
      ],
      "duration": -1
    },
    {
      "commandName": "And User enter the source name",
      "args": [
        "[]"
      ],
      "result": "Not Run",
      "subLogs": [],
      "duration": -1
    }
  ],
  "checkPoints": [
    {
      "message": "Given User switches to flights",
      "type": "TestStepPass",
      "duration": 23220,
      "threshold": 0,
      "subCheckPoints": []
    },
    {
      "message": "When User click in from button",
      "type": "TestStepFail",
      "screenshot": "test-results/25_Apr_2018_01_50_PM/img/SampleTest_1uvx368c434ob36327.png",
      "duration": 38508,
      "threshold": 0,
      "subCheckPoints": [
        {
          "message": "Timed out after 30 seconds waiting for presence of element located by: By.id: com.cleartrip.android:id/txt_from_city\nBuild info: version: '2.53.0', revision: '35ae25b1534ae328c771e0856c93e187490ca824', time: '2016-03-15 10:43:46'\nSystem info: host: 'ICPL12782', ip: '192.168.81.2', os.name: 'Windows 10', os.arch: 'amd64', os.version: '10.0', java.version: '1.8.0_161'\nDriver info: driver.version: QAFExtendedWebDriver",
          "type": "Fail",
          "duration": 0,
          "threshold": 0,
          "subCheckPoints": []
        }
      ]
    },
    {
      "message": "And User enter the source name",
      "type": "TestStep",
      "duration": 0,
      "threshold": 0,
      "subCheckPoints": []
    }
  ],
  "errorTrace": "org.openqa.selenium.TimeoutException: Timed out after 30 seconds waiting for presence of element located by: By.id: com.cleartrip.android:id/txt_from_city\nBuild info: version: '2.53.0', revision: '35ae25b1534ae328c771e0856c93e187490ca824', time: '2016-03-15 10:43:46'\nSystem info: host: 'ICPL12782', ip: '192.168.81.2', os.name: 'Windows 10', os.arch: 'amd64', os.version: '10.0', java.version: '1.8.0_161'\nDriver info: driver.version: QAFExtendedWebDriver\r\n\tat .When User click in from button(scenarios/suite1.bdd:7)\r\n\tat org.openqa.selenium.support.ui.FluentWait.timeoutException(FluentWait.java:292)\r\n\tat org.openqa.selenium.support.ui.FluentWait.until(FluentWait.java:261)\r\n\tat com.qmetry.qaf.automation.ui.webdriver.QAFExtendedWebDriver.load(QAFExtendedWebDriver.java:214)\r\n\tat com.qmetry.qaf.automation.ui.webdriver.QAFExtendedWebElement.load(QAFExtendedWebElement.java:284)\r\n\tat com.qmetry.qaf.automation.ui.webdriver.QAFExtendedWebElement.execute(QAFExtendedWebElement.java:239)\r\n\tat org.openqa.selenium.remote.RemoteWebElement.click(RemoteWebElement.java:85)\r\n\tat com.appium_kart.Source_flightTestPage.fromflight_aroundBody0(Source_flightTestPage.java:32)\r\n\tat com.qmetry.qaf.automation.step.JavaStepReporter.javaTestStep(JavaStepReporter.java:101)\r\n\tat com.appium_kart.Source_flightTestPage.fromflight(Source_flightTestPage.java:31)\r\n\tat com.qmetry.qaf.automation.step.JavaStep.doExecute(JavaStep.java:160)\r\n\tat com.qmetry.qaf.automation.step.BaseTestStep.execute(BaseTestStep.java:149)\r\n\tat com.qmetry.qaf.automation.step.StringTestStep.execute(StringTestStep.java:134)\r\n\tat com.qmetry.qaf.automation.step.client.Scenario.execute(Scenario.java:167)\r\n\tat com.qmetry.qaf.automation.step.client.Scenario.scenario(Scenario.java:219)\r\nCaused by: org.openqa.selenium.NoSuchElementException: An element could not be located on the page using the given search parameters. (WARNING: The server did not provide any stacktrace information)\nCommand duration or timeout: 11.20 seconds\nFor documentation on this error, please visit: http://seleniumhq.org/exceptions/no_such_element.html\nBuild info: version: '2.53.0', revision: '35ae25b1534ae328c771e0856c93e187490ca824', time: '2016-03-15 10:43:46'\nSystem info: host: 'ICPL12782', ip: '192.168.81.2', os.name: 'Windows 10', os.arch: 'amd64', os.version: '10.0', java.version: '1.8.0_161'\nDriver info: com.qmetry.qaf.automation.ui.webdriver.QAFExtendedWebDriver\nCapabilities [{appPackage=com.cleartrip.android, deviceScreenSize=720x1280, networkConnectionEnabled=true, warnings={}, databaseEnabled=false, deviceName=9cb99039, platform=LINUX, deviceUDID=9cb99039, appActivity=com.cleartrip.android.common.activities.CleartripHomeActivity, browser_name=, desired={appPackage=com.cleartrip.android, appActivity=com.cleartrip.android.common.activities.CleartripHomeActivity, browser_name=, driverClass=io.appium.java_client.android.AndroidDriver, automationName=Appium, takesScreenshot=true, javascriptEnabled=true, platformName=Android, deviceName=9cb99039, cssSelectorsEnabled=true}, driverClass=io.appium.java_client.android.AndroidDriver, platformVersion=5.1.1, webStorageEnabled=false, locationContextEnabled=false, automationName=Appium, takesScreenshot=true, javascriptEnabled=true, deviceModel=A37f, platformName=Android, deviceManufacturer=OPPO, cssSelectorsEnabled=true}]\nSession ID: 73a35779-3202-4081-87e0-4a3620fcb861\n*** Element info: {Using=id, value=com.cleartrip.android:id/txt_from_city}\r\n\tat sun.reflect.NativeConstructorAccessorImpl.newInstance0(Native Method)\r\n\tat sun.reflect.NativeConstructorAccessorImpl.newInstance(Unknown Source)\r\n\tat sun.reflect.DelegatingConstructorAccessorImpl.newInstance(Unknown Source)\r\n\tat java.lang.reflect.Constructor.newInstance(Unknown Source)\r\n\tat org.openqa.selenium.remote.ErrorHandler.createThrowable(ErrorHandler.java:206)\r\n\tat org.openqa.selenium.remote.ErrorHandler.throwIfResponseFailed(ErrorHandler.java:158)\r\n\tat org.openqa.selenium.remote.RemoteWebDriver.execute(RemoteWebDriver.java:678)\r\n\tat com.qmetry.qaf.automation.ui.webdriver.QAFExtendedWebDriver.execute(QAFExtendedWebDriver.java:234)\r\n\tat org.openqa.selenium.remote.RemoteWebDriver.findElement(RemoteWebDriver.java:363)\r\n\tat org.openqa.selenium.remote.RemoteWebDriver.findElementById(RemoteWebDriver.java:413)\r\n\tat com.qmetry.qaf.automation.ui.webdriver.QAFExtendedWebDriver.findElementById(QAFExtendedWebDriver.java:373)\r\n\tat com.qmetry.qaf.automation.ui.webdriver.QAFExtendedWebDriver.findElementById(QAFExtendedWebDriver.java:1)\r\n\tat org.openqa.selenium.By$ById.findElement(By.java:218)\r\n\tat org.openqa.selenium.remote.RemoteWebDriver.findElement(RemoteWebDriver.java:355)\r\n\tat com.qmetry.qaf.automation.ui.webdriver.QAFExtendedWebDriver.findElement(QAFExtendedWebDriver.java:169)\r\n\tat com.qmetry.qaf.automation.ui.webdriver.QAFExtendedWebDriver.findElement(QAFExtendedWebDriver.java:1)\r\n\tat org.openqa.selenium.support.ui.ExpectedConditions.findElement(ExpectedConditions.java:899)\r\n\tat org.openqa.selenium.support.ui.ExpectedConditions.access$000(ExpectedConditions.java:41)\r\n\tat org.openqa.selenium.support.ui.ExpectedConditions$6.apply(ExpectedConditions.java:181)\r\n\tat org.openqa.selenium.support.ui.ExpectedConditions$6.apply(ExpectedConditions.java:178)\r\n\tat org.openqa.selenium.support.ui.FluentWait.until(FluentWait.java:238)\r\n\tat com.qmetry.qaf.automation.ui.webdriver.QAFExtendedWebDriver.load(QAFExtendedWebDriver.java:214)\r\n\tat com.qmetry.qaf.automation.ui.webdriver.QAFExtendedWebElement.load(QAFExtendedWebElement.java:284)\r\n\tat com.qmetry.qaf.automation.ui.webdriver.QAFExtendedWebElement.execute(QAFExtendedWebElement.java:239)\r\n\tat org.openqa.selenium.remote.RemoteWebElement.click(RemoteWebElement.java:85)\r\n\tat com.appium_kart.Source_flightTestPage.fromflight_aroundBody0(Source_flightTestPage.java:32)\r\n\tat com.appium_kart.Source_flightTestPage$AjcClosure1.run(Source_flightTestPage.java:1)\r\n\tat org.aspectj.runtime.reflect.JoinPointImpl.proceed(JoinPointImpl.java:149)\r\n\tat com.qmetry.qaf.automation.step.JavaStepReporter.javaTestStep(JavaStepReporter.java:101)\r\n\tat com.appium_kart.Source_flightTestPage.fromflight(Source_flightTestPage.java:31)\r\n\tat sun.reflect.NativeMethodAccessorImpl.invoke0(Native Method)\r\n\tat sun.reflect.NativeMethodAccessorImpl.invoke(Unknown Source)\r\n\tat sun.reflect.DelegatingMethodAccessorImpl.invoke(Unknown Source)\r\n\tat java.lang.reflect.Method.invoke(Unknown Source)\r\n\tat com.qmetry.qaf.automation.step.JavaStep.doExecute(JavaStep.java:160)\r\n\tat com.qmetry.qaf.automation.step.BaseTestStep.execute(BaseTestStep.java:149)\r\n\tat com.qmetry.qaf.automation.step.StringTestStep.execute(StringTestStep.java:134)\r\n\tat com.qmetry.qaf.automation.step.client.Scenario.execute(Scenario.java:167)\r\n\tat com.qmetry.qaf.automation.step.client.Scenario.scenario(Scenario.java:219)\r\n\tat sun.reflect.NativeMethodAccessorImpl.invoke0(Native Method)\r\n\tat sun.reflect.NativeMethodAccessorImpl.invoke(Unknown Source)\r\n\tat sun.reflect.DelegatingMethodAccessorImpl.invoke(Unknown Source)\r\n\tat java.lang.reflect.Method.invoke(Unknown Source)\r\n\tat org.testng.internal.MethodInvocationHelper.invokeMethod(MethodInvocationHelper.java:104)\r\n\tat org.testng.internal.Invoker.invokeMethod(Invoker.java:645)\r\n\tat org.testng.internal.Invoker.invokeTestMethod(Invoker.java:851)\r\n\tat org.testng.internal.Invoker.invokeTestMethods(Invoker.java:1177)\r\n\tat org.testng.internal.TestMethodWorker.invokeTestMethods(TestMethodWorker.java:129)\r\n\tat org.testng.internal.TestMethodWorker.run(TestMethodWorker.java:112)\r\n\tat org.testng.TestRunner.privateRun(TestRunner.java:781)\r\n\tat org.testng.TestRunner.run(TestRunner.java:635)\r\n\tat org.testng.SuiteRunner.runTest(SuiteRunner.java:387)\r\n\tat org.testng.SuiteRunner.runSequentially(SuiteRunner.java:382)\r\n\tat org.testng.SuiteRunner.privateRun(SuiteRunner.java:340)\r\n\tat org.testng.SuiteRunner.run(SuiteRunner.java:289)\r\n\tat org.testng.SuiteRunnerWorker.runSuite(SuiteRunnerWorker.java:52)\r\n\tat org.testng.SuiteRunnerWorker.run(SuiteRunnerWorker.java:86)\r\n\tat org.testng.TestNG.runSuitesSequentially(TestNG.java:1293)\r\n\tat org.testng.TestNG.runSuitesLocally(TestNG.java:1218)\r\n\tat org.testng.TestNG.runSuites(TestNG.java:1133)\r\n\tat org.testng.TestNG.run(TestNG.java:1104)\r\n\tat org.testng.remote.AbstractRemoteTestNG.run(AbstractRemoteTestNG.java:114)\r\n\tat org.testng.remote.RemoteTestNG.initAndRun(RemoteTestNG.java:251)\r\n\tat org.testng.remote.RemoteTestNG.main(RemoteTestNG.java:77)\r\n"
}